- FPAW   MES( 1):│y┌о┌╓┐t┐H┐⌠┐g16dot ░Ё▌╝▄Ж┼J■е│z         01/01/04 -
00001/00009 VEW00663  ┌о┌╓             │y▒O▄Ш▐Ц│z
( 1)   01/01/04 02:13




│@│@│@#┐A┐C┐R┐⌠┌Ф┌Х┌Ю┌Ю┌а┌ф▌Х┼т┌╙┌╘┌╘┌И┌Ю┌л┌и┌©┌Е┌а┌©▓┘▌Х▌n┌ъ┌э┌╣┌╫┌╙
│@│@│@#┌э┌╬ ⌠Ю▐▐┌е┌╥(ъ│K)│_│≥йч╥ █а░э┌╥┌И┌╘┌Ю┌╣┌Й┌х┌╒┌╣(ъ│K)│_│≥йч╥


│@│@│@│@│@│@│@                    @nifty/FHPPC/MES/7/35542(1999/3/20)┌л■╜▄╬┌Ф┌Х


│@┴╫┴Я┌Ю┴╫┴Я┌ЮverUP┌и┌╗┌б┌╚┌═┌╒▓╦┌╚┌═┌Х┌╙┌ф┌╗┌╡┌╢┌╒┌э┌╣┌╫(__)
│@┼╝░╛■е┌ф┌Д│[┌л┌и┌м┌э┌╬■[⌠╬┌л┌╒┌╘┌х┌╒∙■∙╙┌Ю┌═┌Х┌э┌╥┌╙│A
│@√з∙W┌е┌═┌а┌╫JIS▒Ф┬Й░┘▐─▒Ф⌠Я░┘▐─▒S∙╤▌ ┌л█Л░╛┌П▐I┌╕┌э┌╣┌╫│B
│@▒Ф┬Й░┘▐─┌и┼ж┌╣┌д┌м┴╫⌠x┌Ю┴Э▓Ы┌П▐d┌к│A█Л░╛⌠√▐┴┌ф┌м▒S┌╜┬А┌а┌╫
│@┼╢┌╤┌и┌х┌Х┌э┌╣┌╫┌╙│A┐I┐┼┐a┐i┐┼┐e┐B┌Ю▒╧┌х┌М┌╦┌и▄╘┌Б┌╥┌Ё┌м
│@┼i▓i┌и┐A┐b┐v┌╣┌╫┌ф▌v┌╒┌э┌╥│B▌с▌╚┌м┴Э┌ъ┌д▐▒┌╚┌э┌╥┌╙(__)
│@┌╠┌╠┌э┌е ┌ы┌Я┌ф┌и┌═┌Х┌╙┌ф┌╗┌╡┌╢┌╒┌э┌╣┌╫│B▒╫┌╜┌л░l┌л≈м┌П▌ь┌Х┌д
│@▒╫┌╜┌л░l┌л≈Ц┌э┌╣┌П▓╦┌╒┌д┼╝░╛┌╣┌╫┐t┐H┐⌠┐g┌е┌╥│B▄┬┌╣┌д┌═┌╫┌╒┬Й░l┌е
│@█Л┌а┌╫┌ф┌м▌v┌а┌д┌╗┌Х┌э┌╧┌Я│B


│@┌о┌╓┐t┐H┐⌠┐g┌м┐{│[┐▀┐h┌╣┌д┌╒┌И┌л┌ф ▄╢▒╔⌠I┌и16dot┌л┌╓┌©┌л14dot∙■∙╙┌е
│@█Л┌а┌д┌╗┌Х┌э┌╥┌л┌е ┌╘┌х┌Х┼х≈╙┴╩┌╣┌д┌╗┌Х┌э┌╥│B⌠г┌щ┌Б┌╥┌╒┌Ф┌Х┌Ю
│@▄╘┌Б┌╥┌╒┐t┐H┐⌠┐g┌П√з▌w┌╣┌д┌╒┌э┌╥│B∙╤▌ ┌л┐A┐C┐R┐⌠ ┌ф┌Д┌а┌╫┌ы│[┌╙⌠I┼m
│@┌╘┌Ю┌╣┌Й┌э┌╧┌Я│B√{≈┬ ┐t┐H┐⌠┐g▌╘▒л│A∙╤▌ ┌ф┌м∙й∙╗┌╬┌ф▌v┌╒┌э┌╥│B
│@┌о┌╓┐t┐H┐⌠┐g┌л√з▌w┌╥┌ф┌╠┌К┌м √з┌и≈D┌╣┌╜∙╤▐м┌П⌠г┌ъ┌И▌√ ┌╬┌ф▌v┌а┌д┌╒┌э┌╥│B

│@16dot┌ф┌Д│[┐t┐@┐C┐▀┐T┐C┐Y┌л▒Е┌╚┌х┐t┐H┐⌠┐g┌м ┐│┐┌┐┼┌л⌠_┌╘┌Г┌Ю
│@┬Й≈≈░╚┌и▄┤┌╞┌И⌠_┌╘┌Г┌Ю▄h┴⌠┌Ё┌Й┌╙┌©┌╘┌ф▌v┌╒┌э┌╥│B┌е┌Ю│A┌╩│[┌Д┌М┌╦┌и
│@Иx┌Ё┌Й┌╫┌ф▌v┌а┌д┌©┌Е┌а┌ф ┌╠┌л┐t┐H┐⌠┐g┌П▌g┌а┌д┌щ┌д^^; ▀C┌и┌╒┌а┌д
│@┌Ю┌Г┌╕┌╫┌Г┼П┌╣┌╒┌е┌╥^^;│U


00002/00009 VEW00663  ┌о┌╓             │y⌠╞█╚┐t┐@┐C┐▀│z
( 1)   01/01/04 02:13
  
│@paw16a.fnt   fontx2■е┌о┌╓┐t┐H┐⌠┐g16dot■╪┼p
│@paw16k.fnt   fontx2■е┌о┌╓┐t┐H┐⌠┐g16dot▒S┼p

│@pawff.log│@ ┐h┐L┐┘┐│┐⌠┐g(┌╠┌л┐t┐@┐C┐▀) │ ┐█┐O▄`▌╝┌и┌╣┌д┌═┌Х┌э┌╥│B

00003/00009 VEW00663  ┌о┌╓             │y⌠╠⌠Э│z
( 1)   01/01/04 02:13  

│@┬х▒O┌╘┌Г┌╗▌g┌╒┌л∙Ш┌м▒O┌л┐t┐@┐C┐▀┌ф┌╩┌л┌э┌э⌠Э┌Й▒ж┌╕┌д┌╜┌╬┌Ё┌╒│B
│@░V▀K⌠╠⌠Э┌л∙Ш┌м│ ┌о┌╓┐t┐H┐⌠┐g┌л▒g┌щ█·┌щ│ ┌П┌╗⌠г┌щ┴╨┌Ё┌╒│B

00004/00009 VEW00663  ┌о┌╓             │ ┌о┌╓┐t┐H┐⌠┐g┌л▒g┌щ█·┌щ│ 
( 1)   01/01/04 02:13  00003┌ж┌л┐R┐│┐⌠┐g
  
  jkit┌е┌л▒g┌щ█·┌щ┌е┌╥(__)
  
  lxfont.ini(∙W▐─┌л┼б▀╚┌е┌мjkit┌л┐f┐B┐▄┐N┐g┐┼⌠Ю┌и┌═┌Х┌э┌╥) ┌и
  
  c:\font\paw16a.fnt
  c:\font\paw16k.fnt
  
  ┌л┌Q█s┌П▄╩█щ▒g┌щ█·┌Я┌е┌╒┌И16dot┌л▒Ц┌М┌Х┌и▐▒┌╚┼╥┌╕┌э┌╥│B
  ∙W▐─┌лjkit┌е┌═┌Й┌н ■╪┼p lxhn16x.fnt ┌ф lxzn16x.fnt ┌╙
  ▒g┌э┌Й┌д┌╒┌И┌ф▌v┌╒┌э┌╥┌л┌е ┌╠┌л∙■∙╙┌П▐▒┌╚┼╥┌╕┌Й┌н┐I┐b┐P┌е┌╥│B
  ▓u┌╒┌д≈L┌И▐Й▐┼ (c:\font\┌л∙■∙╙) ┌м▄б│X┌л┼б▀╚┌и█┤┌М┌╧┌д┴╨┌Ё┌╒│B
  ▐▒┌╚┼╥┌╕▄Ц┐┼┐Z┐b┐g┌П┌╥┌Й┌н ┌о┌╓┐t┐H┐⌠┐g┌╙▒g┌щ█·┌э┌Й┌э┌╥│B
  
  LE,ME┌е┌л▒g┌щ█·┌щ┌м 
  
  [hfont]
  c:\font\paw16a.fnt

  [zfont]
  c:\font\paw16k.fnt

  ┌л┌Ф│[┌и jkit┌лlxfont.ini⌠╞≈l┌л▐▒▌╝┌е▐▒┌╚┼╥┌╕┌д┴╨┌Ё┌╒│B
│@▐з█в┌м LE,ME┌л┐h┐L┐┘┐│┐⌠┐g┌П┌╡≈≈┌╜┌╬┌Ё┌╒│B

00005/00009 VEW00663  ┌о┌╓             │y▒Ф┌R░┘▐─■Я┼©▌ │z
( 1)   01/01/04 02:13  

│@┬х┴╨│A┐t┐H┐⌠┐g┌П▒g┌щ█·┌Я┌е┌╘┌Г┌╡≈≈┴╨┌Ё┌╒│B
  │ ┌о┌╓┐t┐H┐⌠┐g┌П▒g┌щ█·┌э┌х┌╒▐С▒т┌е▒╪┌л┐t┐H┐⌠┐g┌е▄╘┌д▓╦┌╒┌д┌Ю
    ┌М┌╘┌И┌╘┌Ю┌╣┌Й┌э┌╧┌Я┌╙│A▐]≈┬┌л98▀@▌М┬к▒╤∙╤▌ ┌ф▄д┌н┌Й┌И┌Ю┌л┌м┌╩┌л┌э┌э┌л
    ┐R│[┐h┌е▒Ф▌O░┘▐─┌ф┌х┌а┌д┌╒┌э┌╥(┼ш░■▌ ┌л┬Й∙■│A┐█│[┐}░■▌ ⌠≥)
│@│ JIS┐R│[┐h┌╙⌠√┌д┌м┌ъ┌Г┌Й┌И┌ф┌м┌Д┌╕ ▄╘┌Г┌Й┌х┌╒┼б▀╚┌л∙Ш┌Ю┌э┌╬▒╫┌╒┌л┌╙
│@  ▌ю▐С┌е┌╥┌л┌е▌g≈p┌и┌м┌╡▓█┬с┌╜┌╬┌Ё┌╒┌э┌╣│B

--------------------------------------------------------------------------
│╜│╝│╞│╟│╠│╡│Ё│╢│╣│╤│╥│ю│а│б│ц│д│е│ф│г│о│п│я│р│с│т│у│ж│в│ь│ы│И│Й│К│Л│М│Н│О
│Ь│Ы│З│Ш┌@┌A┌B┌C┌D┌E┌F┌G┌H┌I┌J┌K┌L┌M┌N┌Y┌Z┌[┌\┌]┌^┌_┌z┌{┌|┌}┌~┌⌡┌°┌²┌·
┌Р┌С┌Т┌У┌Ж┌В┌Ь┌Ы┐≈┐≤┐≥┐ ┐⌡┐╥┐╦┐╧┐╨┐╩┐╪┐╫┐╬┐в┐ь┐ы┐з┐ш┐э┐щ┐ч┐ъ┐Ю┐А
┐Б┐Ц┐Д┐Е┐Ф┐Г┐Х┐И┐Й └a└b└c└d└e└f└g└h└i└j└k└l└m└n└o┤o┤p┤q┤r┤s┤t┤u┤─┤│┤┌┤┐┤└
└▓└⌠└■└∙└√└≈└≤└≥└ └⌡└°└²└·┘@┘B┘C┘D┘E┘F┘I┘J┘K┘L┐К┘G┘M┘N┘O┘P┘Q┘R┘S┘T
┤~┤┘┤├┤┤┤┬┤┴┤┼┤▀┤▄┤█┤▌┤▐┤⌠┤≤┤≥└Е└Ф└Г└Х├Ш├Э┤²┤·
┤@┤A┤B┤C┤D┤E┤F┤G┤H┤I┤J┤K┤L┤M┤N┤O┤P┤Q┤R┤S└©└ю└а└б└ц└д└е└ф└г└х
└и└й└к└л└м└н└о└п└я└р└с└т└у└ж└в└ь└ы└з└ш└э
├÷├═├║├╒├ё├╓├╔├╕├╖├╗├╘├╙├╚├╛├╜├╝├╞├╟├╠├╡
├©├ю├а├б├ц├д├е├ф├г├х├и├й├к├л├м├н├о├п├я├р├с├т├у├ж├в├ь 
├ы├з├ш├э├щ├ч├ъ├Ю├А├Б├Ц├Д├Е├Ф├Г├Х├И├Й├К├Л├М├Н├О├П├Я
┤T┤U┤V┤W┤X┤Y┤Z┤[┤\┤] ├Ё├╢├╣├╤├╥├╦├╧├╨├╩├╪├╫├╬
--------------------------------------------------------------------------

│@█Л░╛▐o≈┬┌д┌╒┌х┌╒▒Ф▌O░┘▐─■Я┼©▌ ┌л√w┌г┌м■╜┴╧▀L█├┌е┌╥│B

00006/00009 VEW00663  ┌о┌╓             │y⌠]█з│A┴Э∙о│A■z∙z│z
( 1)   01/01/04 02:13  
│@
│@┴Э∙о│A⌠]█з│A■z∙z┌м▐╓≈p┬х┼O ┐A│[┐J┐C┐u┌╡┌ф┌л▐П▄▐┌е┐I┐b┐P┌е┌╥│B
  ∙K┌╦ ┌╡┬Й∙Я┌╜┌╬┌Ё┌╒│B┌о┌╓┐t┐H┐⌠┐g┌л▓≤█Л▄═┌м ┌о┌╓(▒Е√Л▒в√╬)┌и
  ┌═┌Х┌э┌╥│B┌х┌╗│A┴ъ▀▌■z∙z┌╣┌╫ √╒┼╝░╛┌л▄Ж┼J■е┌м ┌╠┌л░Ё▌╝▄Ж┼J■е┌л
  ▄Ж┼J┌ф▀╓┌и▒S┌д ⌠]█з│A■z∙z│A┴Э∙о∙s┴б┌ф┌Ё┌╧┌д▓╦┌╚┌э┌╥│B


  ┌о┌╓┐t┐H┐⌠┐g┌м ┌о┌╓┐T┐C┐g┌и▄Ж┼J┌╣┌д┌╗┌Х┌э┌╥ winCE┌Бwindows┌е▌g┌╕┌И
  ▀^▌≈TTF■е┌л▒╪│AX-windows┌БPsion┌е┌Ю∙о┼╥┌╣┌д▌g┌М┌Й┌д┌╒┌И┌Ф│[┌е┌╥│B
  ┌╠│[┌╒┌а┌╫▒╪▀@▌М┌ж┌л∙о┼╥┌м█Л▌р┌ф┌╣┌д┌м▒Е┼╫▄}┌е┌╥│B▄б░l┐▄┐x┐▀┌е┌л
  ∙о┼╥▌g≈p┌м▌╘≈R┌и█s┌а┌д▓╦┌╒┌д┌╞┌а┌╠┌╓┌е┌╥│B┌╫┌╬┌╣│A@nifty┌л┐p┐\▓й┐R┐⌠┐e┐⌠┐c
  web┐T┐C┐g⌠≥┌е▐п┴Н┌Ё┌Й┌И▐Й█┤┌м┌═┌╫┌╒┌и┌╡┬Й∙Я▓╦┌╜▌√┌П┌╗┼Х┌╒▓v┌╣┌э┌╥(__)
  ┌╡▒┼▓k▓╦┌╞┌Й┌н▀^▌≈TTF⌠╞≈l┌и ┌о┌╓┐T┐C┐g┌е┌л▄Ж┼J┌Б▐Н∙Я░Ф┌л┐T┐C┐g┌ж┌л
  ┐┼┐⌠┐N┌х┌г┌Ю░о▀и⌠I┌и█s┌а┌д┌╒┌╚┌╫┌╒┌ф▌v┌╒┌э┌╥│B

00007/00009 VEW00663  ┌о┌╓             │y▓█┬с│z
( 1)   01/01/04 02:13  
│@
│@┌о┌╓┐t┐H┐⌠┐g┌м16dot┌е┌╥┌╙│A┼Н√{⌠I┌и┬Й┴Я┌Х┼J┌╞┌д14dot┌и▀ъ┌╒▄`┌е
│@█Л░╛┌╣┌д┌╒┌э┌╥│B┌╣┌╘┌Ю┌╠┌Й┌П┼Н√{⌠I┌и┐{│[┐▀┐h┌╣┌д┐┴┐C┐⌠┌П2dot┌ц┌б
│@▌g┌а┌д┌╒┌э┌╥┌л┌е ⌠а┌и█в┌╘┌╒∙╤▌ ┌л▐Й█┤┌м■Я▐М┌и┼х≈╙┴╩┌╣┌д┌╒┌э┌╥│B
│@┌е┌╥┌╘┌Г┌ф┌д┌Ю┼©≤a▌╚⌠T┌л▄╘▐o┌╣┌и┌х┌И┌Ф│[┌х┐^┐C┐v┌л∙╤▌ ┌е┌м┌╡┌╢┌╒┌э┌╧┌Я│B
│@┌о┌╓┐t┐H┐⌠┐g▌g≈p┌и┌Ф┌И⌠г┌щ┼т┬А┌╒┌е┌л┐g┐┴┐u┐▀┌х┌г┌═┌Х┌э┌╣┌╫▐Й█┤┌Ю
│@┬Й░ь┼ж▓m▓v┌╣┌э┌╧┌Я(__)

00008/00009 VEW00663  ┌о┌╓             │y▌с▌╚│z
( 1)   01/01/04 02:13  
│@
│@┌о┌╓┐t┐H┐⌠┐g┐┌┐j┐^┌л┌╫┌ъ┌л┐p┐`┐I┌П┼J┌╒┌д┴╨┌Ё┌а┌╫█╩∙z▀у┌Ё┌Я│A
│@┌о┌╓┐t┐H┐⌠┐g█Л░╛│A▄Ж┼J┌л┌╫┌ъ┌л┐A┐v┐┼┌Б┐f│[┐^┌П▓╦┌╒┌╫ ∙╫√Л▐м∙F┌Ё┌Я│A
│@∙l⌠┤≈m┬Й┌Ё┌Я│A┌╒┌╣┌╤┌э│≥┌╬┌╒┌Ё┌Я│A┌с┌║┌═┌Ё┌Я│B
│@┌Ё┌Г┌и▒Ф▌O░┘▐─┌л▄Ц┴÷┌╣│A▌▒≈©▓Я▀÷▓╦┌╒┌╫ ∙s▓m┴н┌Ё┌Я│A∙╤▌s┌Ё┌Я│B
│@┌╩┌╣┌д▒╫┌╜┌л┐┌┐j┐^┌П┌╣┌д┌╒┌╫┌╬┌╒┌╫┼F≈l│A▒╫▌с▒╫▌с┌е┌╥(__)
│@
│@√c▒Е┌х░■(8000▌Ц)┌л┐t┐H┐⌠┐g┼╝░╛┌э┌е ┴╫⌠x┌Ю∙■∙╙⌠I┌и▄Ж┼J▐o≈┬┌э┌╣┌╫┌л┌Ю
│@┌о┌╓┐t┐H┐⌠┐g┌л┌╫┌ъ┌и┐A┐v┐┼┌П█Л┌а┌д▓╦┌╞┌╫┌Х│A▓m▄b┌П■q▌ь▐o≈┬┌╫┌Х┌╣┌э┌╣┌╫
│@┌╗┌╘┌╟┌е┌╥│B▀t┌и ┌╠┌л┌Ф│[┌х■╜∙\┌л▌d∙Ш┌╙▐o≈┬┌╫┌╗┌╘┌╟┌е√O┌╚┌а┌ш┌╒┌м┌╦┌л
│@┌═┌╫┌╒┌╙^^; ┼╝░╛■е■╜∙\┌и┌╠┌╛┌б┌╞┌╫┌ф┌Ю┌Д┌╕┌э┌╥│B▌▌≈p■е┐┌┐j┐^┌л∙Ш┬х┼O┌и┌Ю
│@┐I┐t│A┐{│[┐h┌е▒╫┌╜┌л┬с▄╘┌П▓╦┌╞┌э┌╣┌╫│B┌ы┌Я┌ф┌и│A┌ы┌Я┌ф┌и┌═┌Х┌╙┌ф┌╓┌е┌╥│B
│@
│@┌Ё┌Г┌и│A▒S∙╤▌ ┼╝░╛┌э┌е┌л┼т ┐}│[┐a┌Ё┌╧┌д▓╦┌╒┌╫┐t┐H┐⌠┐g┌е┌═┌И ak14fntx┌л█Л▌р
│@gaku≈l│A∙ю┌я┌и k14┌л█Л▌р H. Kagotani≈l┌и░[┌╜░[┌╜┼╢▌с┌╒┌╫┌╣┌э┌╥(__)

00009/00009 VEW00663  ┌о┌╓             │y█е▄Ц┌и│z
( 1)   01/01/04 02:13  

│@█║▄Ц┌Ю█в┌╘┌╒┐o│[┐W┐┤┐⌠┐A┐b┐v┌х┌г┌м
│@┌о┌╓┐T┐C┐g http://homepage2.nifty.com/paw00/
│@┌и┌═┌╟┌И▐Й█┤┌╙┌═┌Х┌э┌╥│B

│@≈v√]│A┌╡┬с▄╘│A┼╢▒z│A∙╤▀Е^^; ┌х┌г┌м FHPPC/MES/7 FPDAE/MES/5 ┌╘
│@┌о┌╓┐T┐C┐g▄f▌╕■б=┌о┌╓┐{│[┐h│A┌═┌╫┌╒┌ж┌л┐││[┐▀┌е┌╗┼Х┌╒┌╣┌э┌╥│B
│@│╗│≈nifty┴а⌠Э┌л∙Ш┌м┌е┌╚┌И┌╬┌╞ ▐Ц▀L┴О▀c▌╨┌ж┌╗┼Х┌╒┌╣┌э┌╥(__)

│@┌х┌╗│A▄Ж┼J┐▄┐x┐▀┌и▓B┌╥┌И┌╘┌г│[┌╘┌м┌М┌╘┌Х┌э┌╧┌Я┌╙ 11dot┌л█Л░╛┌Ю
│@┌╣┌д┌╗┌Х┌э┌╥│B┌╠┌©┌Г┌ж┌л┌╡┬с▄╘┌Ю┌╡┌╢┌╒┌э┌╣┌╫┌Г(__)













                     ┌╠┌л┐t┐H┐⌠┐g┌м┌═┌╫┌╒┌л≈м┌╬┌╞┌е┌х┌╜
                ▒╫┌╜┌л░l┌л┌╗┌╘┌╟┌е≈L┌И▌√┌м┴╫⌠x┌Ю▐q┌в┌э┌╣┌╫│B
                                  ┌╩┌Й┌е┌Ю│A
               ▒╫┌╜┌л░l┌ж┌л┼╢▌с┌л▀C▌²┌©┌ф▀╧┌╒┌а┌о┌╒┌л┬╓┌П█·┌ъ┌д
   │@│@│@│@│@▒Е█D┌╚┌е▒Е░ь┌х ┌╘┌х┌ъ ┌и∙Ы┌╟┌И┌М┌╙┌э┌э┌П┌╗▀√┌╣┴╨┌Ё┌╒│B










                                4th. Jan 2001
              Copyright (C)▒Е√Л▒в√╬│@as  ┌о┌╓ <paw00@cds.ne.jp>
                     http://homepage2.nifty.com/paw00










            │@│@│@│@┌о┌╓┐t┐H┐⌠┐g[type:FONTX2 size:16dot]
                             ░Ё▌╝▄Ж┼J■е ver1.00

